127.0.0.1 - - [24/Oct/2018:14:10:22 +0000] "GET / HTTP/1.1" 404 139 "-" "curl/7.58.0"
127.0.0.1 - - [24/Oct/2018:14:10:35 +0000] "GET /register HTTP/1.1" 404 147 "-" "curl/7.58.0"
127.0.0.1 - - [24/Oct/2018:14:21:21 +0000] "POST / HTTP/1.1" 404 140 "-" "PostmanRuntime/7.3.0"
127.0.0.1 - - [24/Oct/2018:14:21:28 +0000] "POST /login HTTP/1.1" 404 145 "-" "PostmanRuntime/7.3.0"
127.0.0.1 - - [24/Oct/2018:14:22:13 +0000] "POST /login HTTP/1.1" 500 1866 "-" "PostmanRuntime/7.3.0"
127.0.0.1 - - [24/Oct/2018:14:23:26 +0000] "POST /login HTTP/1.1" 401 2 "-" "PostmanRuntime/7.3.0"
127.0.0.1 - - [24/Oct/2018:14:23:56 +0000] "POST /login HTTP/1.1" 401 2 "-" "PostmanRuntime/7.3.0"
127.0.0.1 - - [24/Oct/2018:14:31:37 +0000] "POST /register HTTP/1.1" 400 538 "-" "PostmanRuntime/7.3.0"
127.0.0.1 - - [24/Oct/2018:14:37:37 +0000] "POST /register HTTP/1.1" 400 10 "-" "PostmanRuntime/7.3.0"
127.0.0.1 - - [24/Oct/2018:14:38:07 +0000] "POST /register HTTP/1.1" 400 164 "-" "PostmanRuntime/7.3.0"
127.0.0.1 - - [24/Oct/2018:14:39:36 +0000] "POST /register HTTP/1.1" 400 164 "-" "PostmanRuntime/7.3.0"
127.0.0.1 - - [24/Oct/2018:14:40:18 +0000] "POST /register HTTP/1.1" 400 10 "-" "PostmanRuntime/7.3.0"
127.0.0.1 - - [24/Oct/2018:14:45:24 +0000] "POST /register HTTP/1.1" 500 1875 "-" "PostmanRuntime/7.3.0"
127.0.0.1 - - [24/Oct/2018:15:16:17 +0000] "POST /register HTTP/1.1" 500 1875 "-" "PostmanRuntime/7.3.0"
127.0.0.1 - - [24/Oct/2018:15:16:38 +0000] "POST /register HTTP/1.1" 500 1875 "-" "PostmanRuntime/7.3.0"
127.0.0.1 - - [24/Oct/2018:15:18:02 +0000] "POST /register HTTP/1.1" - - "-" "PostmanRuntime/7.3.0"
127.0.0.1 - - [24/Oct/2018:15:18:11 +0000] "POST /register HTTP/1.1" - - "-" "PostmanRuntime/7.3.0"
127.0.0.1 - - [24/Oct/2018:15:18:35 +0000] "POST /register HTTP/1.1" 400 164 "-" "PostmanRuntime/7.3.0"
127.0.0.1 - - [24/Oct/2018:15:19:18 +0000] "POST /register HTTP/1.1" 400 10 "-" "PostmanRuntime/7.3.0"
127.0.0.1 - - [24/Oct/2018:15:22:46 +0000] "POST /register HTTP/1.1" 400 10 "-" "PostmanRuntime/7.3.0"
127.0.0.1 - - [24/Oct/2018:15:27:31 +0000] "POST /register HTTP/1.1" 400 10 "-" "PostmanRuntime/7.3.0"
127.0.0.1 - - [24/Oct/2018:15:29:42 +0000] "POST /register HTTP/1.1" 400 10 "-" "PostmanRuntime/7.3.0"
127.0.0.1 - - [24/Oct/2018:15:30:08 +0000] "POST /register HTTP/1.1" - - "-" "PostmanRuntime/7.3.0"
127.0.0.1 - - [24/Oct/2018:15:30:24 +0000] "POST /register HTTP/1.1" - - "-" "PostmanRuntime/7.3.0"
127.0.0.1 - - [24/Oct/2018:15:30:51 +0000] "POST /register HTTP/1.1" 400 10 "-" "PostmanRuntime/7.3.0"
127.0.0.1 - - [24/Oct/2018:15:34:02 +0000] "POST /register HTTP/1.1" 200 - "-" "PostmanRuntime/7.3.0"
127.0.0.1 - - [24/Oct/2018:15:38:07 +0000] "POST /register HTTP/1.1" 200 - "-" "PostmanRuntime/7.3.0"
127.0.0.1 - - [24/Oct/2018:15:42:06 +0000] "POST /register HTTP/1.1" 200 - "-" "PostmanRuntime/7.3.0"
127.0.0.1 - - [24/Oct/2018:15:52:30 +0000] "POST /register HTTP/1.1" 200 - "-" "PostmanRuntime/7.3.0"
127.0.0.1 - - [24/Oct/2018:15:52:31 +0000] "POST /register HTTP/1.1" 400 164 "-" "PostmanRuntime/7.3.0"
127.0.0.1 - - [24/Oct/2018:15:52:46 +0000] "POST /register HTTP/1.1" 400 164 "-" "PostmanRuntime/7.3.0"
127.0.0.1 - - [24/Oct/2018:16:01:15 +0000] "GET /logout HTTP/1.1" 404 145 "-" "PostmanRuntime/7.3.0"
127.0.0.1 - - [24/Oct/2018:16:04:36 +0000] "GET /logout HTTP/1.1" 404 145 "-" "PostmanRuntime/7.3.0"
127.0.0.1 - - [24/Oct/2018:16:05:19 +0000] "GET /logout HTTP/1.1" 200 - "-" "PostmanRuntime/7.3.0"
127.0.0.1 - - [24/Oct/2018:16:06:44 +0000] "POST /login HTTP/1.1" 200 - "-" "PostmanRuntime/7.3.0"
::1 - - [25/Oct/2018:09:37:58 +0000] "POST /login HTTP/1.1" 401 2 "-" "PostmanRuntime/7.3.0"
::1 - - [25/Oct/2018:09:38:17 +0000] "POST /login HTTP/1.1" 200 - "-" "PostmanRuntime/7.3.0"
::1 - - [25/Oct/2018:09:39:36 +0000] "POST /login HTTP/1.1" 200 - "-" "PostmanRuntime/7.3.0"
::1 - - [25/Oct/2018:09:39:40 +0000] "POST /login HTTP/1.1" 401 11 "-" "PostmanRuntime/7.3.0"
::1 - - [25/Oct/2018:09:43:06 +0000] "POST /login HTTP/1.1" 401 11 "-" "PostmanRuntime/7.3.0"
::1 - - [25/Oct/2018:09:43:25 +0000] "POST /login HTTP/1.1" 401 11 "-" "PostmanRuntime/7.3.0"
::1 - - [25/Oct/2018:09:45:15 +0000] "POST /login HTTP/1.1" 401 11 "-" "PostmanRuntime/7.3.0"
::1 - - [25/Oct/2018:09:48:36 +0000] "POST /register HTTP/1.1" 400 573 "-" "PostmanRuntime/7.3.0"
::1 - - [25/Oct/2018:09:52:59 +0000] "POST /register HTTP/1.1" 400 164 "-" "PostmanRuntime/7.3.0"
::1 - - [25/Oct/2018:09:53:19 +0000] "POST /login HTTP/1.1" 200 - "-" "PostmanRuntime/7.3.0"
::1 - - [25/Oct/2018:17:34:02 +0000] "POST /login/admin HTTP/1.1" 200 18 "-" "PostmanRuntime/7.3.0"
::1 - - [26/Oct/2018:08:31:50 +0000] "POST /login HTTP/1.1" 401 33 "-" "PostmanRuntime/7.3.0"
::1 - - [26/Oct/2018:08:32:26 +0000] "POST /login HTTP/1.1" 401 33 "-" "PostmanRuntime/7.3.0"
::1 - - [26/Oct/2018:08:33:04 +0000] "POST /login HTTP/1.1" 401 33 "-" "PostmanRuntime/7.3.0"
::1 - - [26/Oct/2018:08:36:01 +0000] "POST /login HTTP/1.1" 200 - "-" "PostmanRuntime/7.3.0"
::1 - - [26/Oct/2018:13:06:06 +0000] "POST /register/admin HTTP/1.1" 404 154 "-" "PostmanRuntime/7.3.0"
::1 - - [26/Oct/2018:13:06:52 +0000] "POST /register/admin HTTP/1.1" 404 154 "-" "PostmanRuntime/7.3.0"
::1 - - [26/Oct/2018:13:06:53 +0000] "POST /register/admin HTTP/1.1" 404 154 "-" "PostmanRuntime/7.3.0"
::1 - - [26/Oct/2018:13:08:48 +0000] "POST /register HTTP/1.1" 200 - "-" "PostmanRuntime/7.3.0"
::1 - - [26/Oct/2018:13:10:16 +0000] "POST /login/admin HTTP/1.1" 401 2 "-" "PostmanRuntime/7.3.0"
::1 - - [26/Oct/2018:13:13:20 +0000] "GET /logout HTTP/1.1" 200 - "-" "PostmanRuntime/7.3.0"
::1 - - [26/Oct/2018:20:12:10 +0000] "POST /admin HTTP/1.1" 404 145 "-" "python-requests/2.19.1"
::1 - - [26/Oct/2018:20:15:34 +0000] "POST /admin HTTP/1.1" 404 145 "-" "python-requests/2.19.1"
::1 - - [26/Oct/2018:20:16:34 +0000] "POST /admin HTTP/1.1" 404 145 "-" "python-requests/2.19.1"
::1 - - [26/Oct/2018:20:16:43 +0000] "POST /admin HTTP/1.1" 404 145 "-" "python-requests/2.19.1"
::1 - - [26/Oct/2018:20:20:01 +0000] "POST /admin HTTP/1.1" 404 145 "-" "python-requests/2.19.1"
::1 - - [26/Oct/2018:20:25:37 +0000] "POST /login/admin HTTP/1.1" 200 18 "-" "python-requests/2.19.1"
::1 - - [26/Oct/2018:20:25:37 +0000] "GET /admin/getAllUsers HTTP/1.1" 404 156 "-" "python-requests/2.19.1"
::1 - - [26/Oct/2018:20:25:50 +0000] "POST /gobag/admin HTTP/1.1" 500 148 "-" "python-requests/2.19.1"
::1 - - [26/Oct/2018:20:27:49 +0000] "POST /login/admin HTTP/1.1" 200 18 "-" "python-requests/2.19.1"
::1 - - [26/Oct/2018:20:27:49 +0000] "GET /admin/getAllUsers HTTP/1.1" 404 156 "-" "python-requests/2.19.1"
::1 - - [26/Oct/2018:20:27:59 +0000] "POST /gobag/admin HTTP/1.1" 400 736 "-" "python-requests/2.19.1"
::1 - - [26/Oct/2018:20:29:45 +0000] "POST /gobag/admin HTTP/1.1" 400 328 "-" "PostmanRuntime/7.3.0"
::1 - - [26/Oct/2018:20:30:04 +0000] "POST /gobag/admin HTTP/1.1" 200 18 "-" "PostmanRuntime/7.3.0"
::1 - - [26/Oct/2018:20:31:02 +0000] "GET /logout HTTP/1.1" 200 - "-" "PostmanRuntime/7.3.0"
::1 - - [26/Oct/2018:20:31:19 +0000] "POST /login/admin HTTP/1.1" 200 18 "-" "python-requests/2.19.1"
::1 - - [26/Oct/2018:20:31:19 +0000] "GET /admin/getAllUsers HTTP/1.1" 404 156 "-" "python-requests/2.19.1"
::1 - - [26/Oct/2018:20:31:19 +0000] "POST /login/admin HTTP/1.1" 200 18 "-" "python-requests/2.19.1"
::1 - - [26/Oct/2018:20:31:20 +0000] "GET /admin/getAllUsers HTTP/1.1" 404 156 "-" "python-requests/2.19.1"
::1 - - [26/Oct/2018:20:38:48 +0000] "POST /login/admin HTTP/1.1" 200 18 "-" "python-requests/2.19.1"
::1 - - [26/Oct/2018:20:39:13 +0000] "POST /gobag/admin HTTP/1.1" 400 518 "-" "python-requests/2.19.1"
::1 - - [26/Oct/2018:20:40:29 +0000] "POST /login/admin HTTP/1.1" 200 18 "-" "python-requests/2.19.1"
::1 - - [26/Oct/2018:20:41:25 +0000] "POST /gobag/admin HTTP/1.1" 401 78 "-" "python-requests/2.19.1"
::1 - - [26/Oct/2018:20:44:21 +0000] "POST /login/admin HTTP/1.1" - - "-" "python-requests/2.19.1"
::1 - - [26/Oct/2018:20:49:16 +0000] "POST /login/admin HTTP/1.1" 200 18 "-" "python-requests/2.19.1"
::1 - - [26/Oct/2018:20:49:32 +0000] "POST /gobag/admin HTTP/1.1" 400 518 "-" "python-requests/2.19.1"
::1 - - [26/Oct/2018:20:50:46 +0000] "POST /login/admin HTTP/1.1" 200 18 "-" "python-requests/2.19.1"
::1 - - [26/Oct/2018:20:51:00 +0000] "POST /gobag/admin HTTP/1.1" 200 18 "-" "python-requests/2.19.1"
::1 - - [26/Oct/2018:20:53:37 +0000] "POST /gobag/admin HTTP/1.1" 200 18 "-" "python-requests/2.19.1"
::1 - - [26/Oct/2018:20:54:01 +0000] "POST /gobag/admin HTTP/1.1" 200 18 "-" "python-requests/2.19.1"
::1 - - [26/Oct/2018:20:59:21 +0000] "POST /gobag/admin HTTP/1.1" 200 18 "-" "python-requests/2.19.1"
::1 - - [26/Oct/2018:21:07:53 +0000] "POST /gobag/admin HTTP/1.1" 401 2 "-" "python-requests/2.19.1"
::1 - - [26/Oct/2018:21:09:29 +0000] "POST /login/admin HTTP/1.1" 200 18 "-" "python-requests/2.19.1"
::1 - - [26/Oct/2018:21:11:59 +0000] "POST /login/admin HTTP/1.1" 200 18 "-" "python-requests/2.19.1"
::1 - - [26/Oct/2018:21:15:17 +0000] "POST /login/admin HTTP/1.1" 200 18 "-" "python-requests/2.19.1"
::1 - - [26/Oct/2018:21:16:08 +0000] "POST /login/admin HTTP/1.1" 200 18 "-" "python-requests/2.19.1"
::1 - - [26/Oct/2018:21:16:13 +0000] "GET /logout HTTP/1.1" 200 - "-" "python-requests/2.19.1"
::1 - - [26/Oct/2018:21:16:27 +0000] "GET /logout HTTP/1.1" 401 - "-" "python-requests/2.19.1"
::1 - - [26/Oct/2018:21:22:23 +0000] "POST /login/admin HTTP/1.1" 200 18 "-" "python-requests/2.19.1"
::1 - - [26/Oct/2018:21:22:26 +0000] "GET /logout HTTP/1.1" 200 - "-" "python-requests/2.19.1"
::1 - - [26/Oct/2018:21:23:41 +0000] "POST /login/admin HTTP/1.1" 200 18 "-" "python-requests/2.19.1"
::1 - - [26/Oct/2018:21:23:45 +0000] "GET /logout HTTP/1.1" 200 - "-" "python-requests/2.19.1"
::1 - - [26/Oct/2018:21:25:50 +0000] "POST /login/admin HTTP/1.1" 200 18 "-" "python-requests/2.19.1"
::1 - - [26/Oct/2018:21:26:05 +0000] "POST /gobag/admin HTTP/1.1" 200 18 "-" "python-requests/2.19.1"
::1 - - [26/Oct/2018:21:26:15 +0000] "GET /logout HTTP/1.1" 200 - "-" "python-requests/2.19.1"
::1 - - [26/Oct/2018:21:37:24 +0000] "POST /login/admin HTTP/1.1" 200 18 "-" "python-requests/2.19.1"
::1 - - [26/Oct/2018:21:37:41 +0000] "POST /gobag/admin HTTP/1.1" 200 18 "-" "python-requests/2.19.1"
::1 - - [26/Oct/2018:21:46:33 +0000] "GET /logout HTTP/1.1" 200 - "-" "python-requests/2.19.1"
::1 - - [26/Oct/2018:21:48:03 +0000] "POST /login/admin HTTP/1.1" 200 18 "-" "python-requests/2.19.1"
::1 - - [26/Oct/2018:21:48:03 +0000] "POST /login/admin HTTP/1.1" 200 18 "-" "python-requests/2.19.1"
::1 - - [26/Oct/2018:21:48:03 +0000] "POST /login/admin HTTP/1.1" 200 18 "-" "python-requests/2.19.1"
::1 - - [26/Oct/2018:21:48:17 +0000] "POST /gobag/admin HTTP/1.1" 200 18 "-" "python-requests/2.19.1"
::1 - - [26/Oct/2018:21:48:20 +0000] "POST /gobag/admin HTTP/1.1" 400 2156 "-" "python-requests/2.19.1"
::1 - - [26/Oct/2018:21:48:52 +0000] "GET /logout HTTP/1.1" 401 - "-" "python-requests/2.19.1"
::1 - - [26/Oct/2018:21:49:32 +0000] "POST /login/admin HTTP/1.1" 200 18 "-" "python-requests/2.19.1"
::1 - - [26/Oct/2018:21:49:59 +0000] "GET /logout HTTP/1.1" 200 - "-" "python-requests/2.19.1"
::1 - - [26/Oct/2018:21:50:55 +0000] "POST /login/admin HTTP/1.1" 200 18 "-" "python-requests/2.19.1"
::1 - - [26/Oct/2018:21:51:24 +0000] "POST /gobag/admin HTTP/1.1" 200 18 "-" "python-requests/2.19.1"
::1 - - [26/Oct/2018:21:53:21 +0000] "GET /logout HTTP/1.1" 200 - "-" "python-requests/2.19.1"
::1 - - [26/Oct/2018:21:57:38 +0000] "POST /login/admin HTTP/1.1" 200 18 "-" "python-requests/2.19.1"
::1 - - [26/Oct/2018:21:58:10 +0000] "POST /gobag/admin HTTP/1.1" 200 18 "-" "python-requests/2.19.1"
::1 - - [26/Oct/2018:21:59:36 +0000] "POST /gobag/admin HTTP/1.1" 401 2 "-" "python-requests/2.19.1"
::1 - - [26/Oct/2018:22:07:16 +0000] "POST /register HTTP/1.1" 500 148 "-" "PostmanRuntime/7.3.0"
::1 - - [26/Oct/2018:22:08:12 +0000] "POST /register HTTP/1.1" 500 148 "-" "PostmanRuntime/7.3.0"
::1 - - [26/Oct/2018:22:08:18 +0000] "POST /register HTTP/1.1" 500 148 "-" "PostmanRuntime/7.3.0"
::1 - - [26/Oct/2018:22:08:46 +0000] "POST /register HTTP/1.1" 500 148 "-" "PostmanRuntime/7.3.0"
::1 - - [26/Oct/2018:22:09:06 +0000] "GET /logout HTTP/1.1" 401 - "-" "python-requests/2.19.1"
::1 - - [26/Oct/2018:22:09:52 +0000] "POST /login/admin HTTP/1.1" 200 18 "-" "python-requests/2.19.1"
::1 - - [26/Oct/2018:22:10:12 +0000] "POST /gobag/admin HTTP/1.1" 200 18 "-" "python-requests/2.19.1"
::1 - - [26/Oct/2018:22:10:20 +0000] "GET /logout HTTP/1.1" 200 - "-" "python-requests/2.19.1"
::1 - - [26/Oct/2018:22:16:02 +0000] "POST /login/admin HTTP/1.1" 200 18 "-" "python-requests/2.19.1"
::1 - - [26/Oct/2018:22:16:07 +0000] "GET /logout HTTP/1.1" 200 - "-" "python-requests/2.19.1"
::1 - - [26/Oct/2018:22:16:07 +0000] "GET /logout HTTP/1.1" 200 - "-" "python-requests/2.19.1"
::1 - - [27/Oct/2018:11:01:11 +0000] "POST /login/admin HTTP/1.1" 200 18 "-" "python-requests/2.19.1"
::1 - - [27/Oct/2018:11:02:37 +0000] "POST /login/admin HTTP/1.1" 200 18 "-" "python-requests/2.19.1"
::1 - - [27/Oct/2018:11:03:42 +0000] "POST /login/admin HTTP/1.1" 200 18 "-" "python-requests/2.19.1"
::1 - - [27/Oct/2018:11:05:18 +0000] "POST /login/admin HTTP/1.1" 200 18 "-" "python-requests/2.19.1"
::1 - - [27/Oct/2018:11:05:33 +0000] "GET /logout HTTP/1.1" 200 - "-" "python-requests/2.19.1"
::1 - - [27/Oct/2018:11:08:28 +0000] "POST /login/admin HTTP/1.1" 200 18 "-" "python-requests/2.19.1"
::1 - - [27/Oct/2018:11:24:52 +0000] "POST /login/admin HTTP/1.1" 200 18 "-" "python-requests/2.19.1"
::1 - - [27/Oct/2018:12:43:22 +0000] "GET /logout HTTP/1.1" 200 - "-" "PostmanRuntime/7.3.0"
::1 - - [27/Oct/2018:12:47:35 +0000] "GET /logout HTTP/1.1" 401 - "-" "python-requests/2.19.1"
::1 - - [27/Oct/2018:12:47:49 +0000] "POST /login/admin HTTP/1.1" 200 18 "-" "python-requests/2.19.1"
::1 - - [27/Oct/2018:12:48:01 +0000] "GET /logout HTTP/1.1" 200 - "-" "python-requests/2.19.1"
::1 - - [27/Oct/2018:12:50:13 +0000] "POST /login/admin HTTP/1.1" 200 18 "-" "python-requests/2.19.1"
::1 - - [27/Oct/2018:12:51:01 +0000] "GET /logout HTTP/1.1" 200 - "-" "python-requests/2.19.1"
::1 - - [27/Oct/2018:12:51:15 +0000] "POST /login/admin HTTP/1.1" 200 18 "-" "python-requests/2.19.1"
::1 - - [27/Oct/2018:12:51:41 +0000] "POST /login/admin HTTP/1.1" 200 18 "-" "python-requests/2.19.1"
::1 - - [27/Oct/2018:12:56:43 +0000] "GET /logout HTTP/1.1" 200 - "-" "python-requests/2.19.1"
::1 - - [27/Oct/2018:13:02:17 +0000] "POST /login/admin HTTP/1.1" 200 18 "-" "python-requests/2.19.1"
::1 - - [27/Oct/2018:13:02:25 +0000] "GET /logout HTTP/1.1" 200 - "-" "python-requests/2.19.1"
::1 - - [27/Oct/2018:13:03:38 +0000] "POST /login/admin HTTP/1.1" 200 18 "-" "python-requests/2.19.1"
::1 - - [27/Oct/2018:13:03:42 +0000] "GET /logout HTTP/1.1" 200 - "-" "python-requests/2.19.1"
::1 - - [27/Oct/2018:13:04:40 +0000] "POST /login/admin HTTP/1.1" 200 18 "-" "python-requests/2.19.1"
::1 - - [27/Oct/2018:13:06:56 +0000] "GET /logout HTTP/1.1" 401 - "-" "python-requests/2.19.1"
::1 - - [27/Oct/2018:13:07:13 +0000] "POST /login/admin HTTP/1.1" 200 18 "-" "python-requests/2.19.1"
::1 - - [27/Oct/2018:13:07:17 +0000] "GET /logout HTTP/1.1" 200 - "-" "python-requests/2.19.1"
::1 - - [27/Oct/2018:13:08:09 +0000] "POST /login/admin HTTP/1.1" 200 18 "-" "python-requests/2.19.1"
::1 - - [27/Oct/2018:13:08:16 +0000] "GET /logout HTTP/1.1" 200 - "-" "python-requests/2.19.1"
::1 - - [27/Oct/2018:13:08:28 +0000] "POST /login/admin HTTP/1.1" 200 18 "-" "python-requests/2.19.1"
::1 - - [27/Oct/2018:13:08:33 +0000] "GET /logout HTTP/1.1" 200 - "-" "python-requests/2.19.1"
::1 - - [27/Oct/2018:13:11:15 +0000] "POST /login/admin HTTP/1.1" 200 18 "-" "python-requests/2.19.1"
::1 - - [27/Oct/2018:13:11:34 +0000] "GET /logout HTTP/1.1" 200 - "-" "python-requests/2.19.1"
::1 - - [27/Oct/2018:13:14:02 +0000] "POST /login/admin HTTP/1.1" 200 18 "-" "python-requests/2.19.1"
::1 - - [27/Oct/2018:13:28:06 +0000] "POST /login/admin HTTP/1.1" 200 18 "-" "python-requests/2.19.1"
::1 - - [27/Oct/2018:13:31:46 +0000] "POST /login/admin HTTP/1.1" 401 80 "-" "python-requests/2.19.1"
::1 - - [27/Oct/2018:13:32:04 +0000] "POST /gobag/admin HTTP/1.1" 401 2 "-" "python-requests/2.19.1"
::1 - - [27/Oct/2018:13:49:11 +0000] "POST /login/admin HTTP/1.1" 200 18 "-" "python-requests/2.19.1"
::1 - - [27/Oct/2018:13:49:25 +0000] "POST /gobag/admin HTTP/1.1" 200 18 "-" "python-requests/2.19.1"
::1 - - [27/Oct/2018:13:51:17 +0000] "POST /login/admin HTTP/1.1" 200 18 "-" "python-requests/2.19.1"
::1 - - [27/Oct/2018:13:55:28 +0000] "POST /login/admin HTTP/1.1" 200 18 "-" "python-requests/2.19.1"
::1 - - [27/Oct/2018:13:55:38 +0000] "POST /gobag/admin HTTP/1.1" 200 18 "-" "python-requests/2.19.1"
::1 - - [27/Oct/2018:13:55:38 +0000] "POST /gobag/admin HTTP/1.1" 200 18 "-" "python-requests/2.19.1"
::1 - - [27/Oct/2018:13:55:39 +0000] "POST /gobag/admin HTTP/1.1" 200 18 "-" "python-requests/2.19.1"
::1 - - [27/Oct/2018:13:55:39 +0000] "POST /gobag/admin HTTP/1.1" 200 18 "-" "python-requests/2.19.1"
::1 - - [27/Oct/2018:13:55:40 +0000] "POST /gobag/admin HTTP/1.1" 200 18 "-" "python-requests/2.19.1"
::1 - - [27/Oct/2018:13:55:40 +0000] "POST /gobag/admin HTTP/1.1" 200 18 "-" "python-requests/2.19.1"
::1 - - [27/Oct/2018:13:55:40 +0000] "POST /gobag/admin HTTP/1.1" 200 18 "-" "python-requests/2.19.1"
::1 - - [27/Oct/2018:13:55:41 +0000] "POST /gobag/admin HTTP/1.1" 200 18 "-" "python-requests/2.19.1"
::1 - - [27/Oct/2018:13:55:41 +0000] "POST /gobag/admin HTTP/1.1" 200 18 "-" "python-requests/2.19.1"
::1 - - [27/Oct/2018:13:55:41 +0000] "POST /gobag/admin HTTP/1.1" 200 18 "-" "python-requests/2.19.1"
::1 - - [27/Oct/2018:13:55:42 +0000] "POST /gobag/admin HTTP/1.1" 200 18 "-" "python-requests/2.19.1"
::1 - - [27/Oct/2018:13:55:42 +0000] "POST /gobag/admin HTTP/1.1" 200 18 "-" "python-requests/2.19.1"
::1 - - [27/Oct/2018:13:55:42 +0000] "POST /gobag/admin HTTP/1.1" 200 18 "-" "python-requests/2.19.1"
::1 - - [27/Oct/2018:13:55:43 +0000] "POST /gobag/admin HTTP/1.1" 200 18 "-" "python-requests/2.19.1"
::1 - - [27/Oct/2018:13:55:43 +0000] "POST /gobag/admin HTTP/1.1" 200 18 "-" "python-requests/2.19.1"
::1 - - [27/Oct/2018:13:55:44 +0000] "POST /gobag/admin HTTP/1.1" 200 18 "-" "python-requests/2.19.1"
::1 - - [27/Oct/2018:13:58:24 +0000] "GET /gobag HTTP/1.1" 200 2787 "-" "PostmanRuntime/7.3.0"
::1 - - [27/Oct/2018:13:58:47 +0000] "GET /logout HTTP/1.1" 200 - "-" "PostmanRuntime/7.3.0"
::1 - - [27/Oct/2018:13:59:10 +0000] "GET /logout HTTP/1.1" 200 - "-" "PostmanRuntime/7.3.0"
::1 - - [27/Oct/2018:13:59:31 +0000] "GET /logout HTTP/1.1" 200 - "-" "PostmanRuntime/7.3.0"
::1 - - [27/Oct/2018:13:59:43 +0000] "GET /logout HTTP/1.1" 200 - "-" "PostmanRuntime/7.3.0"
::1 - - [27/Oct/2018:13:59:54 +0000] "GET /logout HTTP/1.1" 200 - "-" "PostmanRuntime/7.3.0"
::1 - - [27/Oct/2018:14:00:03 +0000] "GET /logout HTTP/1.1" 200 - "-" "PostmanRuntime/7.3.0"
::1 - - [27/Oct/2018:14:00:12 +0000] "GET /logout HTTP/1.1" 200 - "-" "PostmanRuntime/7.3.0"
::1 - - [27/Oct/2018:14:02:19 +0000] "POST /login/admin HTTP/1.1" 200 18 "-" "python-requests/2.19.1"
::1 - - [27/Oct/2018:14:04:00 +0000] "POST /login/admin HTTP/1.1" 200 18 "-" "python-requests/2.19.1"
::1 - - [27/Oct/2018:14:28:26 +0000] "GET /logout HTTP/1.1" 401 - "-" "python-requests/2.19.1"
::1 - - [27/Oct/2018:14:28:46 +0000] "POST /login/admin HTTP/1.1" 200 18 "-" "python-requests/2.19.1"
::1 - - [27/Oct/2018:14:28:52 +0000] "GET /logout HTTP/1.1" 200 - "-" "python-requests/2.19.1"
::1 - - [27/Oct/2018:14:29:04 +0000] "POST /login/admin HTTP/1.1" 200 18 "-" "python-requests/2.19.1"
::1 - - [27/Oct/2018:14:29:20 +0000] "GET /logout HTTP/1.1" 200 - "-" "python-requests/2.19.1"
::1 - - [27/Oct/2018:14:30:08 +0000] "POST /login/admin HTTP/1.1" 200 18 "-" "python-requests/2.19.1"
::1 - - [27/Oct/2018:14:31:36 +0000] "GET /logout HTTP/1.1" 200 - "-" "python-requests/2.19.1"
::1 - - [27/Oct/2018:14:31:48 +0000] "POST /login/admin HTTP/1.1" 200 18 "-" "python-requests/2.19.1"
::1 - - [27/Oct/2018:14:45:16 +0000] "GET /gobag HTTP/1.1" 401 - "-" "python-requests/2.19.1"
::1 - - [27/Oct/2018:14:45:41 +0000] "POST /login/admin HTTP/1.1" 200 18 "-" "python-requests/2.19.1"
::1 - - [27/Oct/2018:14:45:45 +0000] "GET /gobag HTTP/1.1" 200 2642 "-" "python-requests/2.19.1"
::1 - - [27/Oct/2018:14:46:42 +0000] "GET /gobag HTTP/1.1" 401 - "-" "python-requests/2.19.1"
::1 - - [27/Oct/2018:14:49:45 +0000] "POST /login/admin HTTP/1.1" - - "-" "python-requests/2.19.1"
::1 - - [27/Oct/2018:14:53:06 +0000] "POST /login/admin HTTP/1.1" 200 18 "-" "python-requests/2.19.1"
::1 - - [27/Oct/2018:14:53:11 +0000] "GET /gobag HTTP/1.1" 200 2642 "-" "python-requests/2.19.1"
::1 - - [27/Oct/2018:14:55:23 +0000] "GET /gobag HTTP/1.1" 401 - "-" "python-requests/2.19.1"
::1 - - [27/Oct/2018:14:55:42 +0000] "POST /login/admin HTTP/1.1" 200 18 "-" "python-requests/2.19.1"
::1 - - [27/Oct/2018:14:55:47 +0000] "GET /gobag HTTP/1.1" 200 2642 "-" "python-requests/2.19.1"
::1 - - [27/Oct/2018:14:56:16 +0000] "GET /gobag HTTP/1.1" 200 2642 "-" "python-requests/2.19.1"
::1 - - [27/Oct/2018:14:56:41 +0000] "GET /gobag HTTP/1.1" 200 2642 "-" "python-requests/2.19.1"
::1 - - [27/Oct/2018:14:57:51 +0000] "GET /gobag HTTP/1.1" 200 2642 "-" "python-requests/2.19.1"
::1 - - [27/Oct/2018:14:58:29 +0000] "GET /logout HTTP/1.1" 200 - "-" "python-requests/2.19.1"
::1 - - [27/Oct/2018:14:58:40 +0000] "POST /login/admin HTTP/1.1" 200 18 "-" "python-requests/2.19.1"
::1 - - [27/Oct/2018:14:58:47 +0000] "GET /gobag HTTP/1.1" 200 2642 "-" "python-requests/2.19.1"
::1 - - [27/Oct/2018:15:00:10 +0000] "GET /gobag HTTP/1.1" 200 2642 "-" "python-requests/2.19.1"
::1 - - [27/Oct/2018:15:00:37 +0000] "GET /gobag HTTP/1.1" 401 - "-" "python-requests/2.19.1"
::1 - - [27/Oct/2018:15:01:08 +0000] "POST /login/admin HTTP/1.1" 200 18 "-" "python-requests/2.19.1"
::1 - - [27/Oct/2018:15:01:11 +0000] "GET /gobag HTTP/1.1" 200 2642 "-" "python-requests/2.19.1"
::1 - - [27/Oct/2018:15:02:30 +0000] "GET /gobag HTTP/1.1" 200 2642 "-" "python-requests/2.19.1"
::1 - - [27/Oct/2018:16:07:15 +0000] "GET /gobag HTTP/1.1" 401 - "-" "python-requests/2.19.1"
::1 - - [27/Oct/2018:16:07:23 +0000] "GET /gobag HTTP/1.1" 401 - "-" "python-requests/2.19.1"
::1 - - [27/Oct/2018:16:07:59 +0000] "POST /login/admin HTTP/1.1" 200 18 "-" "python-requests/2.19.1"
::1 - - [27/Oct/2018:16:08:01 +0000] "GET /gobag HTTP/1.1" 200 2642 "-" "python-requests/2.19.1"
::1 - - [27/Oct/2018:16:26:22 +0000] "GET /gobag HTTP/1.1" 401 - "-" "python-requests/2.19.1"
::1 - - [27/Oct/2018:16:26:35 +0000] "POST /login/admin HTTP/1.1" 200 18 "-" "python-requests/2.19.1"
::1 - - [27/Oct/2018:16:27:03 +0000] "GET /gobag HTTP/1.1" 200 2642 "-" "python-requests/2.19.1"
::1 - - [27/Oct/2018:16:31:22 +0000] "GET /gobag HTTP/1.1" 401 - "-" "python-requests/2.19.1"
::1 - - [27/Oct/2018:16:31:36 +0000] "POST /login/admin HTTP/1.1" 200 18 "-" "python-requests/2.19.1"
::1 - - [27/Oct/2018:16:31:39 +0000] "GET /gobag HTTP/1.1" 200 2642 "-" "python-requests/2.19.1"
::1 - - [27/Oct/2018:16:32:10 +0000] "GET /gobag HTTP/1.1" 200 2642 "-" "python-requests/2.19.1"
::1 - - [27/Oct/2018:16:33:08 +0000] "GET /gobag HTTP/1.1" 200 2642 "-" "python-requests/2.19.1"
::1 - - [27/Oct/2018:16:33:26 +0000] "GET /gobag HTTP/1.1" 200 2642 "-" "python-requests/2.19.1"
::1 - - [27/Oct/2018:16:33:50 +0000] "GET /gobag HTTP/1.1" 200 2642 "-" "python-requests/2.19.1"
::1 - - [27/Oct/2018:16:34:17 +0000] "GET /gobag HTTP/1.1" 200 2642 "-" "python-requests/2.19.1"
::1 - - [27/Oct/2018:16:34:37 +0000] "GET /gobag HTTP/1.1" 200 2642 "-" "python-requests/2.19.1"
::1 - - [27/Oct/2018:16:36:01 +0000] "GET /gobag HTTP/1.1" 200 2642 "-" "python-requests/2.19.1"
::1 - - [27/Oct/2018:16:37:20 +0000] "GET /gobag HTTP/1.1" 200 2642 "-" "python-requests/2.19.1"
::1 - - [27/Oct/2018:16:43:55 +0000] "GET /gobag HTTP/1.1" 401 - "-" "python-requests/2.19.1"
::1 - - [27/Oct/2018:16:44:12 +0000] "GET /logout HTTP/1.1" 401 - "-" "python-requests/2.19.1"
::1 - - [27/Oct/2018:16:44:27 +0000] "POST /login/admin HTTP/1.1" 200 18 "-" "python-requests/2.19.1"
::1 - - [27/Oct/2018:16:44:30 +0000] "GET /gobag HTTP/1.1" 200 2642 "-" "python-requests/2.19.1"
::1 - - [27/Oct/2018:16:45:24 +0000] "POST /login/admin HTTP/1.1" 200 18 "-" "python-requests/2.19.1"
::1 - - [27/Oct/2018:16:45:27 +0000] "GET /gobag HTTP/1.1" 200 2642 "-" "python-requests/2.19.1"
::1 - - [27/Oct/2018:16:46:53 +0000] "POST /login/admin HTTP/1.1" 200 18 "-" "python-requests/2.19.1"
::1 - - [27/Oct/2018:16:46:56 +0000] "GET /gobag HTTP/1.1" 200 2642 "-" "python-requests/2.19.1"
::1 - - [27/Oct/2018:16:47:18 +0000] "GET /gobag HTTP/1.1" 200 2642 "-" "python-requests/2.19.1"
::1 - - [27/Oct/2018:16:47:38 +0000] "GET /gobag HTTP/1.1" 200 2642 "-" "python-requests/2.19.1"
::1 - - [27/Oct/2018:16:47:51 +0000] "GET /gobag HTTP/1.1" 200 2642 "-" "python-requests/2.19.1"
::1 - - [27/Oct/2018:16:49:09 +0000] "GET /gobag HTTP/1.1" 200 2642 "-" "python-requests/2.19.1"
::1 - - [27/Oct/2018:16:49:31 +0000] "GET /gobag HTTP/1.1" 200 2642 "-" "python-requests/2.19.1"
::1 - - [27/Oct/2018:16:50:38 +0000] "GET /gobag HTTP/1.1" 200 2642 "-" "python-requests/2.19.1"
::1 - - [27/Oct/2018:16:50:59 +0000] "GET /gobag HTTP/1.1" 200 2642 "-" "python-requests/2.19.1"
::1 - - [27/Oct/2018:16:51:14 +0000] "GET /gobag HTTP/1.1" 200 2642 "-" "python-requests/2.19.1"
::1 - - [27/Oct/2018:16:51:19 +0000] "GET /gobag HTTP/1.1" 200 2642 "-" "python-requests/2.19.1"
::1 - - [27/Oct/2018:16:51:50 +0000] "GET /gobag HTTP/1.1" 200 2642 "-" "python-requests/2.19.1"
::1 - - [27/Oct/2018:16:51:54 +0000] "GET /gobag HTTP/1.1" 200 2642 "-" "python-requests/2.19.1"
::1 - - [27/Oct/2018:16:52:17 +0000] "GET /gobag HTTP/1.1" 200 2642 "-" "python-requests/2.19.1"
::1 - - [27/Oct/2018:16:52:39 +0000] "GET /gobag HTTP/1.1" 200 2642 "-" "python-requests/2.19.1"
::1 - - [27/Oct/2018:16:53:28 +0000] "GET /gobag HTTP/1.1" 200 2642 "-" "python-requests/2.19.1"
::1 - - [27/Oct/2018:16:57:24 +0000] "GET /gobag HTTP/1.1" 200 2642 "-" "python-requests/2.19.1"
::1 - - [27/Oct/2018:16:58:04 +0000] "GET /gobag HTTP/1.1" 200 2642 "-" "python-requests/2.19.1"
::1 - - [27/Oct/2018:16:58:31 +0000] "GET /gobag HTTP/1.1" 200 2642 "-" "python-requests/2.19.1"
::1 - - [27/Oct/2018:16:58:46 +0000] "GET /gobag HTTP/1.1" 200 2642 "-" "python-requests/2.19.1"
::1 - - [27/Oct/2018:17:02:32 +0000] "GET /gobag HTTP/1.1" 200 2642 "-" "python-requests/2.19.1"
::1 - - [27/Oct/2018:17:04:15 +0000] "GET /gobag HTTP/1.1" 200 2642 "-" "python-requests/2.19.1"
::1 - - [27/Oct/2018:17:05:11 +0000] "GET /gobag HTTP/1.1" 200 2642 "-" "python-requests/2.19.1"
::1 - - [27/Oct/2018:17:11:06 +0000] "GET /gobag HTTP/1.1" 200 2642 "-" "python-requests/2.19.1"
::1 - - [27/Oct/2018:17:11:24 +0000] "GET /gobag HTTP/1.1" 200 2642 "-" "python-requests/2.19.1"
::1 - - [27/Oct/2018:17:12:06 +0000] "GET /gobag HTTP/1.1" 200 2642 "-" "python-requests/2.19.1"
::1 - - [27/Oct/2018:17:12:36 +0000] "GET /gobag HTTP/1.1" 200 2642 "-" "python-requests/2.19.1"
::1 - - [27/Oct/2018:17:13:28 +0000] "GET /gobag HTTP/1.1" 200 2642 "-" "python-requests/2.19.1"
::1 - - [27/Oct/2018:17:13:51 +0000] "GET /gobag HTTP/1.1" 200 2642 "-" "python-requests/2.19.1"
::1 - - [27/Oct/2018:17:28:14 +0000] "GET /gobag HTTP/1.1" 200 2642 "-" "python-requests/2.19.1"
::1 - - [27/Oct/2018:17:44:54 +0000] "GET /gobag HTTP/1.1" 200 2642 "-" "python-requests/2.19.1"
::1 - - [27/Oct/2018:17:45:24 +0000] "GET /gobag HTTP/1.1" 200 2642 "-" "python-requests/2.19.1"
::1 - - [27/Oct/2018:18:01:45 +0000] "GET /gobag HTTP/1.1" 200 2642 "-" "python-requests/2.19.1"
::1 - - [27/Oct/2018:18:16:00 +0000] "GET /gobag HTTP/1.1" 401 - "-" "PostmanRuntime/7.3.0"
::1 - - [27/Oct/2018:18:16:33 +0000] "GET /gobag HTTP/1.1" 200 2514 "-" "PostmanRuntime/7.3.0"
::1 - - [27/Oct/2018:18:20:51 +0000] "GET /gobag HTTP/1.1" 200 2514 "-" "python-requests/2.19.1"
::1 - - [27/Oct/2018:18:20:58 +0000] "GET /gobag HTTP/1.1" 200 2514 "-" "python-requests/2.19.1"
::1 - - [27/Oct/2018:18:21:59 +0000] "GET /gobag HTTP/1.1" 200 2514 "-" "python-requests/2.19.1"
::1 - - [27/Oct/2018:18:23:46 +0000] "GET /admin/getAllUsers HTTP/1.1" 404 156 "-" "PostmanRuntime/7.3.0"
::1 - - [27/Oct/2018:18:24:48 +0000] "GET /admin/getAllUsers HTTP/1.1" 200 207 "-" "PostmanRuntime/7.3.0"
::1 - - [27/Oct/2018:18:33:46 +0000] "GET /admin/getAllUsers HTTP/1.1" 200 196 "-" "PostmanRuntime/7.3.0"
::1 - - [27/Oct/2018:18:34:06 +0000] "GET /admin/getAllUsers HTTP/1.1" 200 187 "-" "PostmanRuntime/7.3.0"
::1 - - [27/Oct/2018:18:34:29 +0000] "GET /gobag HTTP/1.1" 200 2514 "-" "PostmanRuntime/7.3.0"
::1 - - [27/Oct/2018:18:34:43 +0000] "GET /admin/getAllUsers HTTP/1.1" 200 187 "-" "PostmanRuntime/7.3.0"
::1 - - [27/Oct/2018:18:40:14 +0000] "POST /login/admin HTTP/1.1" 200 18 "-" "python-requests/2.19.1"
::1 - - [27/Oct/2018:18:40:17 +0000] "GET /admin/getAllUsers HTTP/1.1" 200 187 "-" "python-requests/2.19.1"
::1 - - [27/Oct/2018:18:42:09 +0000] "GET /admin/getAllUsers HTTP/1.1" 401 2 "-" "python-requests/2.19.1"
::1 - - [27/Oct/2018:18:42:31 +0000] "POST /login/admin HTTP/1.1" 200 18 "-" "python-requests/2.19.1"
::1 - - [27/Oct/2018:18:43:04 +0000] "POST /login/admin HTTP/1.1" 200 18 "-" "python-requests/2.19.1"
::1 - - [27/Oct/2018:18:44:08 +0000] "POST /login/admin HTTP/1.1" 200 18 "-" "python-requests/2.19.1"
::1 - - [27/Oct/2018:18:45:10 +0000] "POST /login/admin HTTP/1.1" 200 18 "-" "python-requests/2.19.1"
::1 - - [27/Oct/2018:18:47:54 +0000] "POST /login/admin HTTP/1.1" 200 18 "-" "python-requests/2.19.1"
::1 - - [27/Oct/2018:18:51:50 +0000] "POST /login/admin HTTP/1.1" - - "-" "python-requests/2.19.1"
::1 - - [27/Oct/2018:18:52:46 +0000] "POST /login/admin HTTP/1.1" 200 18 "-" "python-requests/2.19.1"
::1 - - [27/Oct/2018:18:52:52 +0000] "GET /logout HTTP/1.1" 200 - "-" "python-requests/2.19.1"
::1 - - [27/Oct/2018:18:53:42 +0000] "GET /logout HTTP/1.1" 401 - "-" "python-requests/2.19.1"
::1 - - [27/Oct/2018:18:53:56 +0000] "POST /login/admin HTTP/1.1" 200 18 "-" "python-requests/2.19.1"
::1 - - [27/Oct/2018:18:54:00 +0000] "GET /logout HTTP/1.1" 200 - "-" "python-requests/2.19.1"
::1 - - [27/Oct/2018:18:54:09 +0000] "POST /login/admin HTTP/1.1" 200 18 "-" "python-requests/2.19.1"
::1 - - [27/Oct/2018:18:54:12 +0000] "GET /logout HTTP/1.1" 200 - "-" "python-requests/2.19.1"
::1 - - [27/Oct/2018:18:54:20 +0000] "POST /login/admin HTTP/1.1" 200 18 "-" "python-requests/2.19.1"
::1 - - [27/Oct/2018:18:54:24 +0000] "GET /gobag HTTP/1.1" 200 2514 "-" "python-requests/2.19.1"
::1 - - [27/Oct/2018:18:54:28 +0000] "GET /admin/getAllUsers HTTP/1.1" 200 187 "-" "python-requests/2.19.1"
::1 - - [27/Oct/2018:18:55:01 +0000] "GET /admin/getAllUsers HTTP/1.1" 200 187 "-" "python-requests/2.19.1"
::1 - - [27/Oct/2018:18:55:41 +0000] "GET /admin/getAllUsers HTTP/1.1" 200 187 "-" "python-requests/2.19.1"
::1 - - [27/Oct/2018:18:56:35 +0000] "GET /admin/getAllUsers HTTP/1.1" 200 187 "-" "python-requests/2.19.1"
::1 - - [27/Oct/2018:18:56:49 +0000] "GET /admin/getAllUsers HTTP/1.1" 200 187 "-" "python-requests/2.19.1"
::1 - - [27/Oct/2018:19:01:03 +0000] "GET /gobag HTTP/1.1" 200 2514 "-" "python-requests/2.19.1"
::1 - - [27/Oct/2018:19:01:19 +0000] "GET /admin/getAllUsers HTTP/1.1" 200 187 "-" "python-requests/2.19.1"
